CRITICAL - 2022-02-02 02:06:13 --> Undefined variable $validation
#0 /Users/popo/Documents/anggota/app/Views/user/verify.php(46): CodeIgniter\Debug\Exceptions->errorHandler(2, 'Undefined varia...', '/Users/popo/Doc...', 46)
#1 /Users/popo/Documents/anggota/vendor/codeigniter4/framework/system/View/View.php(210): include('/Users/popo/Doc...')
#2 /Users/popo/Documents/anggota/vendor/codeigniter4/framework/system/View/View.php(213): CodeIgniter\View\View->CodeIgniter\View\{closure}()
#3 /Users/popo/Documents/anggota/vendor/codeigniter4/framework/system/Common.php(1089): CodeIgniter\View\View->render('user/verify', Array, true)
#4 /Users/popo/Documents/anggota/app/Controllers/User.php(32): view('user/verify')
#5 /Users/popo/Documents/anggota/vendor/codeigniter4/framework/system/CodeIgniter.php(825): App\Controllers\User->verify()
#6 /Users/popo/Documents/anggota/vendor/codeigniter4/framework/system/CodeIgniter.php(412): CodeIgniter\CodeIgniter->runController(Object(App\Controllers\User))
#7 /Users/popo/Documents/anggota/vendor/codeigniter4/framework/system/CodeIgniter.php(320): CodeIgniter\CodeIgniter->handleRequest(NULL, Object(Config\Cache), false)
#8 /Users/popo/Documents/anggota/public/index.php(37): CodeIgniter\CodeIgniter->run()
#9 /Users/popo/Documents/anggota/vendor/codeigniter4/framework/system/Commands/Server/rewrite.php(43): require_once('/Users/popo/Doc...')
#10 {main}
CRITICAL - 2022-02-02 02:48:50 --> CodeIgniter\Validation\Rules::is_unique(): Argument #2 ($field) must be of type string, null given, called in /Users/popo/Documents/anggota/vendor/codeigniter4/framework/system/Validation/Validation.php on line 291
#0 /Users/popo/Documents/anggota/vendor/codeigniter4/framework/system/Validation/Validation.php(291): CodeIgniter\Validation\Rules->is_unique('a', NULL)
#1 /Users/popo/Documents/anggota/vendor/codeigniter4/framework/system/Validation/Validation.php(157): CodeIgniter\Validation\Validation->processRules('callsign', 'callsign', 'a', Array, Array)
#2 /Users/popo/Documents/anggota/vendor/codeigniter4/framework/system/Controller.php(160): CodeIgniter\Validation\Validation->run()
#3 /Users/popo/Documents/anggota/app/Controllers/Admin.php(473): CodeIgniter\Controller->validate(Array)
#4 /Users/popo/Documents/anggota/vendor/codeigniter4/framework/system/CodeIgniter.php(825): App\Controllers\Admin->doRegister()
#5 /Users/popo/Documents/anggota/vendor/codeigniter4/framework/system/CodeIgniter.php(412): CodeIgniter\CodeIgniter->runController(Object(App\Controllers\Admin))
#6 /Users/popo/Documents/anggota/vendor/codeigniter4/framework/system/CodeIgniter.php(320): CodeIgniter\CodeIgniter->handleRequest(NULL, Object(Config\Cache), false)
#7 /Users/popo/Documents/anggota/public/index.php(37): CodeIgniter\CodeIgniter->run()
#8 /Users/popo/Documents/anggota/vendor/codeigniter4/framework/system/Commands/Server/rewrite.php(43): require_once('/Users/popo/Doc...')
#9 {main}
CRITICAL - 2022-02-02 02:50:15 --> CodeIgniter\Validation\Rules::is_unique(): Argument #2 ($field) must be of type string, null given, called in /Users/popo/Documents/anggota/vendor/codeigniter4/framework/system/Validation/Validation.php on line 291
#0 /Users/popo/Documents/anggota/vendor/codeigniter4/framework/system/Validation/Validation.php(291): CodeIgniter\Validation\Rules->is_unique('a123', NULL)
#1 /Users/popo/Documents/anggota/vendor/codeigniter4/framework/system/Validation/Validation.php(157): CodeIgniter\Validation\Validation->processRules('callsign', 'callsign', 'a123', Array, Array)
#2 /Users/popo/Documents/anggota/vendor/codeigniter4/framework/system/Controller.php(160): CodeIgniter\Validation\Validation->run()
#3 /Users/popo/Documents/anggota/app/Controllers/Admin.php(473): CodeIgniter\Controller->validate(Array)
#4 /Users/popo/Documents/anggota/vendor/codeigniter4/framework/system/CodeIgniter.php(825): App\Controllers\Admin->doRegister()
#5 /Users/popo/Documents/anggota/vendor/codeigniter4/framework/system/CodeIgniter.php(412): CodeIgniter\CodeIgniter->runController(Object(App\Controllers\Admin))
#6 /Users/popo/Documents/anggota/vendor/codeigniter4/framework/system/CodeIgniter.php(320): CodeIgniter\CodeIgniter->handleRequest(NULL, Object(Config\Cache), false)
#7 /Users/popo/Documents/anggota/public/index.php(37): CodeIgniter\CodeIgniter->run()
#8 /Users/popo/Documents/anggota/vendor/codeigniter4/framework/system/Commands/Server/rewrite.php(43): require_once('/Users/popo/Doc...')
#9 {main}
CRITICAL - 2022-02-02 02:50:42 --> CodeIgniter\Validation\Rules::is_unique(): Argument #2 ($field) must be of type string, null given, called in /Users/popo/Documents/anggota/vendor/codeigniter4/framework/system/Validation/Validation.php on line 291
#0 /Users/popo/Documents/anggota/vendor/codeigniter4/framework/system/Validation/Validation.php(291): CodeIgniter\Validation\Rules->is_unique('a123', NULL)
#1 /Users/popo/Documents/anggota/vendor/codeigniter4/framework/system/Validation/Validation.php(157): CodeIgniter\Validation\Validation->processRules('callsign', 'callsign', 'a123', Array, Array)
#2 /Users/popo/Documents/anggota/vendor/codeigniter4/framework/system/Controller.php(160): CodeIgniter\Validation\Validation->run()
#3 /Users/popo/Documents/anggota/app/Controllers/Admin.php(473): CodeIgniter\Controller->validate(Array)
#4 /Users/popo/Documents/anggota/vendor/codeigniter4/framework/system/CodeIgniter.php(825): App\Controllers\Admin->doRegister()
#5 /Users/popo/Documents/anggota/vendor/codeigniter4/framework/system/CodeIgniter.php(412): CodeIgniter\CodeIgniter->runController(Object(App\Controllers\Admin))
#6 /Users/popo/Documents/anggota/vendor/codeigniter4/framework/system/CodeIgniter.php(320): CodeIgniter\CodeIgniter->handleRequest(NULL, Object(Config\Cache), false)
#7 /Users/popo/Documents/anggota/public/index.php(37): CodeIgniter\CodeIgniter->run()
#8 /Users/popo/Documents/anggota/vendor/codeigniter4/framework/system/Commands/Server/rewrite.php(43): require_once('/Users/popo/Doc...')
#9 {main}
CRITICAL - 2022-02-02 02:51:20 --> CodeIgniter\Validation\Rules::is_unique(): Argument #2 ($field) must be of type string, null given, called in /Users/popo/Documents/anggota/vendor/codeigniter4/framework/system/Validation/Validation.php on line 291
#0 /Users/popo/Documents/anggota/vendor/codeigniter4/framework/system/Validation/Validation.php(291): CodeIgniter\Validation\Rules->is_unique('a', NULL)
#1 /Users/popo/Documents/anggota/vendor/codeigniter4/framework/system/Validation/Validation.php(157): CodeIgniter\Validation\Validation->processRules('callsign', 'callsign', 'a', Array, Array)
#2 /Users/popo/Documents/anggota/vendor/codeigniter4/framework/system/Controller.php(160): CodeIgniter\Validation\Validation->run()
#3 /Users/popo/Documents/anggota/app/Controllers/Admin.php(473): CodeIgniter\Controller->validate(Array)
#4 /Users/popo/Documents/anggota/vendor/codeigniter4/framework/system/CodeIgniter.php(825): App\Controllers\Admin->doRegister()
#5 /Users/popo/Documents/anggota/vendor/codeigniter4/framework/system/CodeIgniter.php(412): CodeIgniter\CodeIgniter->runController(Object(App\Controllers\Admin))
#6 /Users/popo/Documents/anggota/vendor/codeigniter4/framework/system/CodeIgniter.php(320): CodeIgniter\CodeIgniter->handleRequest(NULL, Object(Config\Cache), false)
#7 /Users/popo/Documents/anggota/public/index.php(37): CodeIgniter\CodeIgniter->run()
#8 /Users/popo/Documents/anggota/vendor/codeigniter4/framework/system/Commands/Server/rewrite.php(43): require_once('/Users/popo/Doc...')
#9 {main}
