ERROR - 2022-02-01 19:01:09 --> Error connecting to the database: Connection refused
CRITICAL - 2022-02-01 19:01:09 --> Unable to connect to the database.
Main connection [MySQLi]: Connection refused
#0 /Users/popo/Documents/anggota/vendor/codeigniter4/framework/system/Database/BaseConnection.php(577): CodeIgniter\Database\BaseConnection->initialize()
#1 /Users/popo/Documents/anggota/vendor/codeigniter4/framework/system/Database/BaseBuilder.php(1455): CodeIgniter\Database\BaseConnection->query('SELECT *\nFROM `...', Array, false)
#2 /Users/popo/Documents/anggota/vendor/codeigniter4/framework/system/Model.php(210): CodeIgniter\Database\BaseBuilder->get()
#3 /Users/popo/Documents/anggota/vendor/codeigniter4/framework/system/BaseModel.php(622): CodeIgniter\Model->doFirst()
#4 /Users/popo/Documents/anggota/app/Controllers/Auth.php(80): CodeIgniter\BaseModel->first()
#5 /Users/popo/Documents/anggota/vendor/codeigniter4/framework/system/CodeIgniter.php(825): App\Controllers\Auth->valid_login()
#6 /Users/popo/Documents/anggota/vendor/codeigniter4/framework/system/CodeIgniter.php(412): CodeIgniter\CodeIgniter->runController(Object(App\Controllers\Auth))
#7 /Users/popo/Documents/anggota/vendor/codeigniter4/framework/system/CodeIgniter.php(320): CodeIgniter\CodeIgniter->handleRequest(NULL, Object(Config\Cache), false)
#8 /Users/popo/Documents/anggota/public/index.php(37): CodeIgniter\CodeIgniter->run()
#9 /Users/popo/Documents/anggota/vendor/codeigniter4/framework/system/Commands/Server/rewrite.php(43): require_once('/Users/popo/Doc...')
#10 {main}
CRITICAL - 2022-02-01 20:03:53 --> Invalid file: layout/sidebar.php
#0 /Users/popo/Documents/anggota/vendor/codeigniter4/framework/system/View/View.php(198): CodeIgniter\Exceptions\FrameworkException::forInvalidFile('layout/sidebar....')
#1 /Users/popo/Documents/anggota/vendor/codeigniter4/framework/system/View/View.php(424): CodeIgniter\View\View->render('layout/sidebar', NULL, true)
#2 /Users/popo/Documents/anggota/app/Views/layout/admin/template.php(65): CodeIgniter\View\View->include('layout/sidebar')
#3 /Users/popo/Documents/anggota/vendor/codeigniter4/framework/system/View/View.php(210): include('/Users/popo/Doc...')
#4 /Users/popo/Documents/anggota/vendor/codeigniter4/framework/system/View/View.php(213): CodeIgniter\View\View->CodeIgniter\View\{closure}()
#5 /Users/popo/Documents/anggota/vendor/codeigniter4/framework/system/View/View.php(226): CodeIgniter\View\View->render('layout/admin/te...', Array, true)
#6 /Users/popo/Documents/anggota/vendor/codeigniter4/framework/system/Common.php(1089): CodeIgniter\View\View->render('admin/index', Array, true)
#7 /Users/popo/Documents/anggota/app/Controllers/Admin.php(38): view('admin/index')
#8 /Users/popo/Documents/anggota/vendor/codeigniter4/framework/system/CodeIgniter.php(825): App\Controllers\Admin->index()
#9 /Users/popo/Documents/anggota/vendor/codeigniter4/framework/system/CodeIgniter.php(412): CodeIgniter\CodeIgniter->runController(Object(App\Controllers\Admin))
#10 /Users/popo/Documents/anggota/vendor/codeigniter4/framework/system/CodeIgniter.php(320): CodeIgniter\CodeIgniter->handleRequest(NULL, Object(Config\Cache), false)
#11 /Users/popo/Documents/anggota/public/index.php(37): CodeIgniter\CodeIgniter->run()
#12 /Users/popo/Documents/anggota/vendor/codeigniter4/framework/system/Commands/Server/rewrite.php(43): require_once('/Users/popo/Doc...')
#13 {main}
