CRITICAL - 2022-01-19 08:09:19 --> Trying to access array offset on value of type null
#0 /Users/popo/Documents/anggota/app/Views/admin/editAnggota.php(33): CodeIgniter\Debug\Exceptions->errorHandler(2, 'Trying to acces...', '/Users/popo/Doc...', 33)
#1 /Users/popo/Documents/anggota/vendor/codeigniter4/framework/system/View/View.php(210): include('/Users/popo/Doc...')
#2 /Users/popo/Documents/anggota/vendor/codeigniter4/framework/system/View/View.php(213): CodeIgniter\View\View->CodeIgniter\View\{closure}()
#3 /Users/popo/Documents/anggota/vendor/codeigniter4/framework/system/Common.php(1089): CodeIgniter\View\View->render('admin/editAnggo...', Array, true)
#4 /Users/popo/Documents/anggota/app/Controllers/Admin.php(65): view('admin/editAnggo...', Array)
#5 /Users/popo/Documents/anggota/vendor/codeigniter4/framework/system/CodeIgniter.php(825): App\Controllers\Admin->edit()
#6 /Users/popo/Documents/anggota/vendor/codeigniter4/framework/system/CodeIgniter.php(412): CodeIgniter\CodeIgniter->runController(Object(App\Controllers\Admin))
#7 /Users/popo/Documents/anggota/vendor/codeigniter4/framework/system/CodeIgniter.php(320): CodeIgniter\CodeIgniter->handleRequest(NULL, Object(Config\Cache), false)
#8 /Users/popo/Documents/anggota/public/index.php(37): CodeIgniter\CodeIgniter->run()
#9 /Users/popo/Documents/anggota/vendor/codeigniter4/framework/system/Commands/Server/rewrite.php(43): require_once('/Users/popo/Doc...')
#10 {main}
CRITICAL - 2022-01-19 08:09:47 --> Trying to access array offset on value of type null
#0 /Users/popo/Documents/anggota/app/Views/admin/editAnggota.php(33): CodeIgniter\Debug\Exceptions->errorHandler(2, 'Trying to acces...', '/Users/popo/Doc...', 33)
#1 /Users/popo/Documents/anggota/vendor/codeigniter4/framework/system/View/View.php(210): include('/Users/popo/Doc...')
#2 /Users/popo/Documents/anggota/vendor/codeigniter4/framework/system/View/View.php(213): CodeIgniter\View\View->CodeIgniter\View\{closure}()
#3 /Users/popo/Documents/anggota/vendor/codeigniter4/framework/system/Common.php(1089): CodeIgniter\View\View->render('admin/editAnggo...', Array, true)
#4 /Users/popo/Documents/anggota/app/Controllers/Admin.php(65): view('admin/editAnggo...', Array)
#5 /Users/popo/Documents/anggota/vendor/codeigniter4/framework/system/CodeIgniter.php(825): App\Controllers\Admin->edit()
#6 /Users/popo/Documents/anggota/vendor/codeigniter4/framework/system/CodeIgniter.php(412): CodeIgniter\CodeIgniter->runController(Object(App\Controllers\Admin))
#7 /Users/popo/Documents/anggota/vendor/codeigniter4/framework/system/CodeIgniter.php(320): CodeIgniter\CodeIgniter->handleRequest(NULL, Object(Config\Cache), false)
#8 /Users/popo/Documents/anggota/public/index.php(37): CodeIgniter\CodeIgniter->run()
#9 /Users/popo/Documents/anggota/vendor/codeigniter4/framework/system/Commands/Server/rewrite.php(43): require_once('/Users/popo/Doc...')
#10 {main}
CRITICAL - 2022-01-19 08:10:45 --> Trying to access array offset on value of type null
#0 /Users/popo/Documents/anggota/app/Views/admin/editAnggota.php(33): CodeIgniter\Debug\Exceptions->errorHandler(2, 'Trying to acces...', '/Users/popo/Doc...', 33)
#1 /Users/popo/Documents/anggota/vendor/codeigniter4/framework/system/View/View.php(210): include('/Users/popo/Doc...')
#2 /Users/popo/Documents/anggota/vendor/codeigniter4/framework/system/View/View.php(213): CodeIgniter\View\View->CodeIgniter\View\{closure}()
#3 /Users/popo/Documents/anggota/vendor/codeigniter4/framework/system/Common.php(1089): CodeIgniter\View\View->render('admin/editAnggo...', Array, true)
#4 /Users/popo/Documents/anggota/app/Controllers/Admin.php(65): view('admin/editAnggo...', Array)
#5 /Users/popo/Documents/anggota/vendor/codeigniter4/framework/system/CodeIgniter.php(825): App\Controllers\Admin->edit()
#6 /Users/popo/Documents/anggota/vendor/codeigniter4/framework/system/CodeIgniter.php(412): CodeIgniter\CodeIgniter->runController(Object(App\Controllers\Admin))
#7 /Users/popo/Documents/anggota/vendor/codeigniter4/framework/system/CodeIgniter.php(320): CodeIgniter\CodeIgniter->handleRequest(NULL, Object(Config\Cache), false)
#8 /Users/popo/Documents/anggota/public/index.php(37): CodeIgniter\CodeIgniter->run()
#9 /Users/popo/Documents/anggota/vendor/codeigniter4/framework/system/Commands/Server/rewrite.php(43): require_once('/Users/popo/Doc...')
#10 {main}
CRITICAL - 2022-01-19 08:30:00 --> Trying to access array offset on value of type null
#0 /Users/popo/Documents/anggota/app/Views/admin/editAnggota.php(33): CodeIgniter\Debug\Exceptions->errorHandler(2, 'Trying to acces...', '/Users/popo/Doc...', 33)
#1 /Users/popo/Documents/anggota/vendor/codeigniter4/framework/system/View/View.php(210): include('/Users/popo/Doc...')
#2 /Users/popo/Documents/anggota/vendor/codeigniter4/framework/system/View/View.php(213): CodeIgniter\View\View->CodeIgniter\View\{closure}()
#3 /Users/popo/Documents/anggota/vendor/codeigniter4/framework/system/Common.php(1089): CodeIgniter\View\View->render('admin/editAnggo...', Array, true)
#4 /Users/popo/Documents/anggota/app/Controllers/Admin.php(65): view('admin/editAnggo...', Array)
#5 /Users/popo/Documents/anggota/vendor/codeigniter4/framework/system/CodeIgniter.php(825): App\Controllers\Admin->edit()
#6 /Users/popo/Documents/anggota/vendor/codeigniter4/framework/system/CodeIgniter.php(412): CodeIgniter\CodeIgniter->runController(Object(App\Controllers\Admin))
#7 /Users/popo/Documents/anggota/vendor/codeigniter4/framework/system/CodeIgniter.php(320): CodeIgniter\CodeIgniter->handleRequest(NULL, Object(Config\Cache), false)
#8 /Users/popo/Documents/anggota/public/index.php(37): CodeIgniter\CodeIgniter->run()
#9 /Users/popo/Documents/anggota/vendor/codeigniter4/framework/system/Commands/Server/rewrite.php(43): require_once('/Users/popo/Doc...')
#10 {main}
CRITICAL - 2022-01-19 08:30:02 --> Trying to access array offset on value of type null
#0 /Users/popo/Documents/anggota/app/Views/admin/editAnggota.php(33): CodeIgniter\Debug\Exceptions->errorHandler(2, 'Trying to acces...', '/Users/popo/Doc...', 33)
#1 /Users/popo/Documents/anggota/vendor/codeigniter4/framework/system/View/View.php(210): include('/Users/popo/Doc...')
#2 /Users/popo/Documents/anggota/vendor/codeigniter4/framework/system/View/View.php(213): CodeIgniter\View\View->CodeIgniter\View\{closure}()
#3 /Users/popo/Documents/anggota/vendor/codeigniter4/framework/system/Common.php(1089): CodeIgniter\View\View->render('admin/editAnggo...', Array, true)
#4 /Users/popo/Documents/anggota/app/Controllers/Admin.php(65): view('admin/editAnggo...', Array)
#5 /Users/popo/Documents/anggota/vendor/codeigniter4/framework/system/CodeIgniter.php(825): App\Controllers\Admin->edit()
#6 /Users/popo/Documents/anggota/vendor/codeigniter4/framework/system/CodeIgniter.php(412): CodeIgniter\CodeIgniter->runController(Object(App\Controllers\Admin))
#7 /Users/popo/Documents/anggota/vendor/codeigniter4/framework/system/CodeIgniter.php(320): CodeIgniter\CodeIgniter->handleRequest(NULL, Object(Config\Cache), false)
#8 /Users/popo/Documents/anggota/public/index.php(37): CodeIgniter\CodeIgniter->run()
#9 /Users/popo/Documents/anggota/vendor/codeigniter4/framework/system/Commands/Server/rewrite.php(43): require_once('/Users/popo/Doc...')
#10 {main}
CRITICAL - 2022-01-19 08:30:13 --> Trying to access array offset on value of type null
#0 /Users/popo/Documents/anggota/app/Views/admin/editAnggota.php(33): CodeIgniter\Debug\Exceptions->errorHandler(2, 'Trying to acces...', '/Users/popo/Doc...', 33)
#1 /Users/popo/Documents/anggota/vendor/codeigniter4/framework/system/View/View.php(210): include('/Users/popo/Doc...')
#2 /Users/popo/Documents/anggota/vendor/codeigniter4/framework/system/View/View.php(213): CodeIgniter\View\View->CodeIgniter\View\{closure}()
#3 /Users/popo/Documents/anggota/vendor/codeigniter4/framework/system/Common.php(1089): CodeIgniter\View\View->render('admin/editAnggo...', Array, true)
#4 /Users/popo/Documents/anggota/app/Controllers/Admin.php(65): view('admin/editAnggo...', Array)
#5 /Users/popo/Documents/anggota/vendor/codeigniter4/framework/system/CodeIgniter.php(825): App\Controllers\Admin->edit()
#6 /Users/popo/Documents/anggota/vendor/codeigniter4/framework/system/CodeIgniter.php(412): CodeIgniter\CodeIgniter->runController(Object(App\Controllers\Admin))
#7 /Users/popo/Documents/anggota/vendor/codeigniter4/framework/system/CodeIgniter.php(320): CodeIgniter\CodeIgniter->handleRequest(NULL, Object(Config\Cache), false)
#8 /Users/popo/Documents/anggota/public/index.php(37): CodeIgniter\CodeIgniter->run()
#9 /Users/popo/Documents/anggota/vendor/codeigniter4/framework/system/Commands/Server/rewrite.php(43): require_once('/Users/popo/Doc...')
#10 {main}
CRITICAL - 2022-01-19 08:30:22 --> Trying to access array offset on value of type null
#0 /Users/popo/Documents/anggota/app/Views/admin/editAnggota.php(33): CodeIgniter\Debug\Exceptions->errorHandler(2, 'Trying to acces...', '/Users/popo/Doc...', 33)
#1 /Users/popo/Documents/anggota/vendor/codeigniter4/framework/system/View/View.php(210): include('/Users/popo/Doc...')
#2 /Users/popo/Documents/anggota/vendor/codeigniter4/framework/system/View/View.php(213): CodeIgniter\View\View->CodeIgniter\View\{closure}()
#3 /Users/popo/Documents/anggota/vendor/codeigniter4/framework/system/Common.php(1089): CodeIgniter\View\View->render('admin/editAnggo...', Array, true)
#4 /Users/popo/Documents/anggota/app/Controllers/Admin.php(65): view('admin/editAnggo...', Array)
#5 /Users/popo/Documents/anggota/vendor/codeigniter4/framework/system/CodeIgniter.php(825): App\Controllers\Admin->edit()
#6 /Users/popo/Documents/anggota/vendor/codeigniter4/framework/system/CodeIgniter.php(412): CodeIgniter\CodeIgniter->runController(Object(App\Controllers\Admin))
#7 /Users/popo/Documents/anggota/vendor/codeigniter4/framework/system/CodeIgniter.php(320): CodeIgniter\CodeIgniter->handleRequest(NULL, Object(Config\Cache), false)
#8 /Users/popo/Documents/anggota/public/index.php(37): CodeIgniter\CodeIgniter->run()
#9 /Users/popo/Documents/anggota/vendor/codeigniter4/framework/system/Commands/Server/rewrite.php(43): require_once('/Users/popo/Doc...')
#10 {main}
CRITICAL - 2022-01-19 08:30:28 --> Trying to access array offset on value of type null
#0 /Users/popo/Documents/anggota/app/Views/admin/editAnggota.php(33): CodeIgniter\Debug\Exceptions->errorHandler(2, 'Trying to acces...', '/Users/popo/Doc...', 33)
#1 /Users/popo/Documents/anggota/vendor/codeigniter4/framework/system/View/View.php(210): include('/Users/popo/Doc...')
#2 /Users/popo/Documents/anggota/vendor/codeigniter4/framework/system/View/View.php(213): CodeIgniter\View\View->CodeIgniter\View\{closure}()
#3 /Users/popo/Documents/anggota/vendor/codeigniter4/framework/system/Common.php(1089): CodeIgniter\View\View->render('admin/editAnggo...', Array, true)
#4 /Users/popo/Documents/anggota/app/Controllers/Admin.php(65): view('admin/editAnggo...', Array)
#5 /Users/popo/Documents/anggota/vendor/codeigniter4/framework/system/CodeIgniter.php(825): App\Controllers\Admin->edit()
#6 /Users/popo/Documents/anggota/vendor/codeigniter4/framework/system/CodeIgniter.php(412): CodeIgniter\CodeIgniter->runController(Object(App\Controllers\Admin))
#7 /Users/popo/Documents/anggota/vendor/codeigniter4/framework/system/CodeIgniter.php(320): CodeIgniter\CodeIgniter->handleRequest(NULL, Object(Config\Cache), false)
#8 /Users/popo/Documents/anggota/public/index.php(37): CodeIgniter\CodeIgniter->run()
#9 /Users/popo/Documents/anggota/vendor/codeigniter4/framework/system/Commands/Server/rewrite.php(43): require_once('/Users/popo/Doc...')
#10 {main}
CRITICAL - 2022-01-19 08:31:44 --> Trying to access array offset on value of type null
#0 /Users/popo/Documents/anggota/app/Views/admin/editAnggota.php(33): CodeIgniter\Debug\Exceptions->errorHandler(2, 'Trying to acces...', '/Users/popo/Doc...', 33)
#1 /Users/popo/Documents/anggota/vendor/codeigniter4/framework/system/View/View.php(210): include('/Users/popo/Doc...')
#2 /Users/popo/Documents/anggota/vendor/codeigniter4/framework/system/View/View.php(213): CodeIgniter\View\View->CodeIgniter\View\{closure}()
#3 /Users/popo/Documents/anggota/vendor/codeigniter4/framework/system/Common.php(1089): CodeIgniter\View\View->render('admin/editAnggo...', Array, true)
#4 /Users/popo/Documents/anggota/app/Controllers/Admin.php(65): view('admin/editAnggo...', Array)
#5 /Users/popo/Documents/anggota/vendor/codeigniter4/framework/system/CodeIgniter.php(825): App\Controllers\Admin->edit()
#6 /Users/popo/Documents/anggota/vendor/codeigniter4/framework/system/CodeIgniter.php(412): CodeIgniter\CodeIgniter->runController(Object(App\Controllers\Admin))
#7 /Users/popo/Documents/anggota/vendor/codeigniter4/framework/system/CodeIgniter.php(320): CodeIgniter\CodeIgniter->handleRequest(NULL, Object(Config\Cache), false)
#8 /Users/popo/Documents/anggota/public/index.php(37): CodeIgniter\CodeIgniter->run()
#9 /Users/popo/Documents/anggota/vendor/codeigniter4/framework/system/Commands/Server/rewrite.php(43): require_once('/Users/popo/Doc...')
#10 {main}
CRITICAL - 2022-01-19 08:31:56 --> Trying to access array offset on value of type null
#0 /Users/popo/Documents/anggota/app/Views/admin/editAnggota.php(33): CodeIgniter\Debug\Exceptions->errorHandler(2, 'Trying to acces...', '/Users/popo/Doc...', 33)
#1 /Users/popo/Documents/anggota/vendor/codeigniter4/framework/system/View/View.php(210): include('/Users/popo/Doc...')
#2 /Users/popo/Documents/anggota/vendor/codeigniter4/framework/system/View/View.php(213): CodeIgniter\View\View->CodeIgniter\View\{closure}()
#3 /Users/popo/Documents/anggota/vendor/codeigniter4/framework/system/Common.php(1089): CodeIgniter\View\View->render('admin/editAnggo...', Array, true)
#4 /Users/popo/Documents/anggota/app/Controllers/Admin.php(65): view('admin/editAnggo...', Array)
#5 /Users/popo/Documents/anggota/vendor/codeigniter4/framework/system/CodeIgniter.php(825): App\Controllers\Admin->edit()
#6 /Users/popo/Documents/anggota/vendor/codeigniter4/framework/system/CodeIgniter.php(412): CodeIgniter\CodeIgniter->runController(Object(App\Controllers\Admin))
#7 /Users/popo/Documents/anggota/vendor/codeigniter4/framework/system/CodeIgniter.php(320): CodeIgniter\CodeIgniter->handleRequest(NULL, Object(Config\Cache), false)
#8 /Users/popo/Documents/anggota/public/index.php(37): CodeIgniter\CodeIgniter->run()
#9 /Users/popo/Documents/anggota/vendor/codeigniter4/framework/system/Commands/Server/rewrite.php(43): require_once('/Users/popo/Doc...')
#10 {main}
