ERROR - 2022-01-15 06:42:45 --> Error connecting to the database: No such file or directory
CRITICAL - 2022-01-15 06:42:45 --> Unable to connect to the database.
Main connection [MySQLi]: No such file or directory
#0 /Users/popo/Documents/anggota/vendor/codeigniter4/framework/system/Database/BaseConnection.php(577): CodeIgniter\Database\BaseConnection->initialize()
#1 /Users/popo/Documents/anggota/vendor/codeigniter4/framework/system/Database/BaseBuilder.php(1455): CodeIgniter\Database\BaseConnection->query('SELECT 1\nFROM `...', Array, false)
#2 /Users/popo/Documents/anggota/vendor/codeigniter4/framework/system/Validation/Rules.php(142): CodeIgniter\Database\BaseBuilder->get()
#3 /Users/popo/Documents/anggota/vendor/codeigniter4/framework/system/Validation/Validation.php(292): CodeIgniter\Validation\Rules->is_unique('indra', 'username', Array, NULL)
#4 /Users/popo/Documents/anggota/vendor/codeigniter4/framework/system/Validation/Validation.php(157): CodeIgniter\Validation\Validation->processRules('username', 'username', 'indra', Array, Array)
#5 /Users/popo/Documents/anggota/app/Controllers/Auth.php(39): CodeIgniter\Validation\Validation->run(Array, 'register')
#6 /Users/popo/Documents/anggota/vendor/codeigniter4/framework/system/CodeIgniter.php(825): App\Controllers\Auth->valid_register()
#7 /Users/popo/Documents/anggota/vendor/codeigniter4/framework/system/CodeIgniter.php(412): CodeIgniter\CodeIgniter->runController(Object(App\Controllers\Auth))
#8 /Users/popo/Documents/anggota/vendor/codeigniter4/framework/system/CodeIgniter.php(320): CodeIgniter\CodeIgniter->handleRequest(NULL, Object(Config\Cache), false)
#9 /Users/popo/Documents/anggota/public/index.php(37): CodeIgniter\CodeIgniter->run()
#10 /Users/popo/Documents/anggota/vendor/codeigniter4/framework/system/Commands/Server/rewrite.php(43): require_once('/Users/popo/Doc...')
#11 {main}
ERROR - 2022-01-15 06:54:40 --> Error connecting to the database: No such file or directory
CRITICAL - 2022-01-15 06:54:40 --> Unable to connect to the database.
Main connection [MySQLi]: No such file or directory
#0 /Users/popo/Documents/anggota/vendor/codeigniter4/framework/system/Database/BaseConnection.php(577): CodeIgniter\Database\BaseConnection->initialize()
#1 /Users/popo/Documents/anggota/vendor/codeigniter4/framework/system/Database/BaseBuilder.php(1455): CodeIgniter\Database\BaseConnection->query('SELECT 1\nFROM `...', Array, false)
#2 /Users/popo/Documents/anggota/vendor/codeigniter4/framework/system/Validation/Rules.php(142): CodeIgniter\Database\BaseBuilder->get()
#3 /Users/popo/Documents/anggota/vendor/codeigniter4/framework/system/Validation/Validation.php(292): CodeIgniter\Validation\Rules->is_unique('user', 'username', Array, NULL)
#4 /Users/popo/Documents/anggota/vendor/codeigniter4/framework/system/Validation/Validation.php(157): CodeIgniter\Validation\Validation->processRules('user', 'user', 'user', Array, Array)
#5 /Users/popo/Documents/anggota/app/Controllers/Auth.php(39): CodeIgniter\Validation\Validation->run(Array, 'register')
#6 /Users/popo/Documents/anggota/vendor/codeigniter4/framework/system/CodeIgniter.php(825): App\Controllers\Auth->valid_register()
#7 /Users/popo/Documents/anggota/vendor/codeigniter4/framework/system/CodeIgniter.php(412): CodeIgniter\CodeIgniter->runController(Object(App\Controllers\Auth))
#8 /Users/popo/Documents/anggota/vendor/codeigniter4/framework/system/CodeIgniter.php(320): CodeIgniter\CodeIgniter->handleRequest(NULL, Object(Config\Cache), false)
#9 /Users/popo/Documents/anggota/public/index.php(37): CodeIgniter\CodeIgniter->run()
#10 /Users/popo/Documents/anggota/vendor/codeigniter4/framework/system/Commands/Server/rewrite.php(43): require_once('/Users/popo/Doc...')
#11 {main}
ERROR - 2022-01-15 06:57:49 --> Error connecting to the database: No such file or directory
CRITICAL - 2022-01-15 06:57:49 --> Unable to connect to the database.
Main connection [MySQLi]: No such file or directory
#0 /Users/popo/Documents/anggota/vendor/codeigniter4/framework/system/Database/BaseConnection.php(577): CodeIgniter\Database\BaseConnection->initialize()
#1 /Users/popo/Documents/anggota/vendor/codeigniter4/framework/system/Database/BaseBuilder.php(1455): CodeIgniter\Database\BaseConnection->query('SELECT 1\nFROM `...', Array, false)
#2 /Users/popo/Documents/anggota/vendor/codeigniter4/framework/system/Validation/Rules.php(142): CodeIgniter\Database\BaseBuilder->get()
#3 /Users/popo/Documents/anggota/vendor/codeigniter4/framework/system/Validation/Validation.php(292): CodeIgniter\Validation\Rules->is_unique('user', 'username', Array, NULL)
#4 /Users/popo/Documents/anggota/vendor/codeigniter4/framework/system/Validation/Validation.php(157): CodeIgniter\Validation\Validation->processRules('user', 'user', 'user', Array, Array)
#5 /Users/popo/Documents/anggota/app/Controllers/Auth.php(39): CodeIgniter\Validation\Validation->run(Array, 'register')
#6 /Users/popo/Documents/anggota/vendor/codeigniter4/framework/system/CodeIgniter.php(825): App\Controllers\Auth->valid_register()
#7 /Users/popo/Documents/anggota/vendor/codeigniter4/framework/system/CodeIgniter.php(412): CodeIgniter\CodeIgniter->runController(Object(App\Controllers\Auth))
#8 /Users/popo/Documents/anggota/vendor/codeigniter4/framework/system/CodeIgniter.php(320): CodeIgniter\CodeIgniter->handleRequest(NULL, Object(Config\Cache), false)
#9 /Users/popo/Documents/anggota/public/index.php(37): CodeIgniter\CodeIgniter->run()
#10 /Users/popo/Documents/anggota/vendor/codeigniter4/framework/system/Commands/Server/rewrite.php(43): require_once('/Users/popo/Doc...')
#11 {main}
ERROR - 2022-01-15 06:58:37 --> Error connecting to the database: No such file or directory
CRITICAL - 2022-01-15 06:58:37 --> Unable to connect to the database.
Main connection [MySQLi]: No such file or directory
#0 /Users/popo/Documents/anggota/vendor/codeigniter4/framework/system/Database/BaseConnection.php(577): CodeIgniter\Database\BaseConnection->initialize()
#1 /Users/popo/Documents/anggota/vendor/codeigniter4/framework/system/Database/BaseBuilder.php(1455): CodeIgniter\Database\BaseConnection->query('SELECT 1\nFROM `...', Array, false)
#2 /Users/popo/Documents/anggota/vendor/codeigniter4/framework/system/Validation/Rules.php(142): CodeIgniter\Database\BaseBuilder->get()
#3 /Users/popo/Documents/anggota/vendor/codeigniter4/framework/system/Validation/Validation.php(292): CodeIgniter\Validation\Rules->is_unique('user', 'username', Array, NULL)
#4 /Users/popo/Documents/anggota/vendor/codeigniter4/framework/system/Validation/Validation.php(157): CodeIgniter\Validation\Validation->processRules('user', 'user', 'user', Array, Array)
#5 /Users/popo/Documents/anggota/app/Controllers/Auth.php(39): CodeIgniter\Validation\Validation->run(Array, 'register')
#6 /Users/popo/Documents/anggota/vendor/codeigniter4/framework/system/CodeIgniter.php(825): App\Controllers\Auth->valid_register()
#7 /Users/popo/Documents/anggota/vendor/codeigniter4/framework/system/CodeIgniter.php(412): CodeIgniter\CodeIgniter->runController(Object(App\Controllers\Auth))
#8 /Users/popo/Documents/anggota/vendor/codeigniter4/framework/system/CodeIgniter.php(320): CodeIgniter\CodeIgniter->handleRequest(NULL, Object(Config\Cache), false)
#9 /Users/popo/Documents/anggota/public/index.php(37): CodeIgniter\CodeIgniter->run()
#10 /Users/popo/Documents/anggota/vendor/codeigniter4/framework/system/Commands/Server/rewrite.php(43): require_once('/Users/popo/Doc...')
#11 {main}
CRITICAL - 2022-01-15 07:04:37 --> printf(): Argument #1 ($format) must be of type string, array given
#0 /Users/popo/Documents/anggota/app/Controllers/Auth.php(37): printf(Array)
#1 /Users/popo/Documents/anggota/vendor/codeigniter4/framework/system/CodeIgniter.php(825): App\Controllers\Auth->valid_register()
#2 /Users/popo/Documents/anggota/vendor/codeigniter4/framework/system/CodeIgniter.php(412): CodeIgniter\CodeIgniter->runController(Object(App\Controllers\Auth))
#3 /Users/popo/Documents/anggota/vendor/codeigniter4/framework/system/CodeIgniter.php(320): CodeIgniter\CodeIgniter->handleRequest(NULL, Object(Config\Cache), false)
#4 /Users/popo/Documents/anggota/public/index.php(37): CodeIgniter\CodeIgniter->run()
#5 /Users/popo/Documents/anggota/vendor/codeigniter4/framework/system/Commands/Server/rewrite.php(43): require_once('/Users/popo/Doc...')
#6 {main}
CRITICAL - 2022-01-15 07:04:45 --> printf(): Argument #1 ($format) must be of type string, array given
#0 /Users/popo/Documents/anggota/app/Controllers/Auth.php(37): printf(Array)
#1 /Users/popo/Documents/anggota/vendor/codeigniter4/framework/system/CodeIgniter.php(825): App\Controllers\Auth->valid_register()
#2 /Users/popo/Documents/anggota/vendor/codeigniter4/framework/system/CodeIgniter.php(412): CodeIgniter\CodeIgniter->runController(Object(App\Controllers\Auth))
#3 /Users/popo/Documents/anggota/vendor/codeigniter4/framework/system/CodeIgniter.php(320): CodeIgniter\CodeIgniter->handleRequest(NULL, Object(Config\Cache), false)
#4 /Users/popo/Documents/anggota/public/index.php(37): CodeIgniter\CodeIgniter->run()
#5 /Users/popo/Documents/anggota/vendor/codeigniter4/framework/system/Commands/Server/rewrite.php(43): require_once('/Users/popo/Doc...')
#6 {main}
CRITICAL - 2022-01-15 07:05:06 --> Array to string conversion
#0 /Users/popo/Documents/anggota/app/Controllers/Auth.php(37): CodeIgniter\Debug\Exceptions->errorHandler(2, 'Array to string...', '/Users/popo/Doc...', 37)
#1 /Users/popo/Documents/anggota/vendor/codeigniter4/framework/system/CodeIgniter.php(825): App\Controllers\Auth->valid_register()
#2 /Users/popo/Documents/anggota/vendor/codeigniter4/framework/system/CodeIgniter.php(412): CodeIgniter\CodeIgniter->runController(Object(App\Controllers\Auth))
#3 /Users/popo/Documents/anggota/vendor/codeigniter4/framework/system/CodeIgniter.php(320): CodeIgniter\CodeIgniter->handleRequest(NULL, Object(Config\Cache), false)
#4 /Users/popo/Documents/anggota/public/index.php(37): CodeIgniter\CodeIgniter->run()
#5 /Users/popo/Documents/anggota/vendor/codeigniter4/framework/system/Commands/Server/rewrite.php(43): require_once('/Users/popo/Doc...')
#6 {main}
ERROR - 2022-01-15 07:13:20 --> Error connecting to the database: No such file or directory
CRITICAL - 2022-01-15 07:13:20 --> Unable to connect to the database.
Main connection [MySQLi]: No such file or directory
#0 /Users/popo/Documents/anggota/vendor/codeigniter4/framework/system/Database/BaseConnection.php(577): CodeIgniter\Database\BaseConnection->initialize()
#1 /Users/popo/Documents/anggota/vendor/codeigniter4/framework/system/Database/BaseBuilder.php(1455): CodeIgniter\Database\BaseConnection->query('SELECT 1\nFROM `...', Array, false)
#2 /Users/popo/Documents/anggota/vendor/codeigniter4/framework/system/Validation/Rules.php(142): CodeIgniter\Database\BaseBuilder->get()
#3 /Users/popo/Documents/anggota/vendor/codeigniter4/framework/system/Validation/Validation.php(292): CodeIgniter\Validation\Rules->is_unique('aaa', 'username', Array, NULL)
#4 /Users/popo/Documents/anggota/vendor/codeigniter4/framework/system/Validation/Validation.php(157): CodeIgniter\Validation\Validation->processRules('user', 'user', 'aaa', Array, Array)
#5 /Users/popo/Documents/anggota/app/Controllers/Auth.php(39): CodeIgniter\Validation\Validation->run(Array, 'register')
#6 /Users/popo/Documents/anggota/vendor/codeigniter4/framework/system/CodeIgniter.php(825): App\Controllers\Auth->valid_register()
#7 /Users/popo/Documents/anggota/vendor/codeigniter4/framework/system/CodeIgniter.php(412): CodeIgniter\CodeIgniter->runController(Object(App\Controllers\Auth))
#8 /Users/popo/Documents/anggota/vendor/codeigniter4/framework/system/CodeIgniter.php(320): CodeIgniter\CodeIgniter->handleRequest(NULL, Object(Config\Cache), false)
#9 /Users/popo/Documents/anggota/public/index.php(37): CodeIgniter\CodeIgniter->run()
#10 /Users/popo/Documents/anggota/vendor/codeigniter4/framework/system/Commands/Server/rewrite.php(43): require_once('/Users/popo/Doc...')
#11 {main}
ERROR - 2022-01-15 07:15:10 --> Unknown column 'username' in 'where clause'
CRITICAL - 2022-01-15 07:15:10 --> Unknown column 'username' in 'where clause'
#0 /Users/popo/Documents/anggota/vendor/codeigniter4/framework/system/Database/MySQLi/Connection.php(292): mysqli->query('SELECT 1\nFROM `...', 0)
#1 /Users/popo/Documents/anggota/vendor/codeigniter4/framework/system/Database/BaseConnection.php(670): CodeIgniter\Database\MySQLi\Connection->execute('SELECT 1\nFROM `...')
#2 /Users/popo/Documents/anggota/vendor/codeigniter4/framework/system/Database/BaseConnection.php(598): CodeIgniter\Database\BaseConnection->simpleQuery('SELECT 1\nFROM `...')
#3 /Users/popo/Documents/anggota/vendor/codeigniter4/framework/system/Database/BaseBuilder.php(1455): CodeIgniter\Database\BaseConnection->query('SELECT 1\nFROM `...', Array, false)
#4 /Users/popo/Documents/anggota/vendor/codeigniter4/framework/system/Validation/Rules.php(142): CodeIgniter\Database\BaseBuilder->get()
#5 /Users/popo/Documents/anggota/vendor/codeigniter4/framework/system/Validation/Validation.php(292): CodeIgniter\Validation\Rules->is_unique('aaa', 'username', Array, NULL)
#6 /Users/popo/Documents/anggota/vendor/codeigniter4/framework/system/Validation/Validation.php(157): CodeIgniter\Validation\Validation->processRules('user', 'user', 'aaa', Array, Array)
#7 /Users/popo/Documents/anggota/app/Controllers/Auth.php(39): CodeIgniter\Validation\Validation->run(Array, 'register')
#8 /Users/popo/Documents/anggota/vendor/codeigniter4/framework/system/CodeIgniter.php(825): App\Controllers\Auth->valid_register()
#9 /Users/popo/Documents/anggota/vendor/codeigniter4/framework/system/CodeIgniter.php(412): CodeIgniter\CodeIgniter->runController(Object(App\Controllers\Auth))
#10 /Users/popo/Documents/anggota/vendor/codeigniter4/framework/system/CodeIgniter.php(320): CodeIgniter\CodeIgniter->handleRequest(NULL, Object(Config\Cache), false)
#11 /Users/popo/Documents/anggota/public/index.php(37): CodeIgniter\CodeIgniter->run()
#12 /Users/popo/Documents/anggota/vendor/codeigniter4/framework/system/Commands/Server/rewrite.php(43): require_once('/Users/popo/Doc...')
#13 {main}
CRITICAL - 2022-01-15 07:16:33 --> Undefined array key "username"
#0 /Users/popo/Documents/anggota/app/Controllers/Auth.php(60): CodeIgniter\Debug\Exceptions->errorHandler(2, 'Undefined array...', '/Users/popo/Doc...', 60)
#1 /Users/popo/Documents/anggota/vendor/codeigniter4/framework/system/CodeIgniter.php(825): App\Controllers\Auth->valid_register()
#2 /Users/popo/Documents/anggota/vendor/codeigniter4/framework/system/CodeIgniter.php(412): CodeIgniter\CodeIgniter->runController(Object(App\Controllers\Auth))
#3 /Users/popo/Documents/anggota/vendor/codeigniter4/framework/system/CodeIgniter.php(320): CodeIgniter\CodeIgniter->handleRequest(NULL, Object(Config\Cache), false)
#4 /Users/popo/Documents/anggota/public/index.php(37): CodeIgniter\CodeIgniter->run()
#5 /Users/popo/Documents/anggota/vendor/codeigniter4/framework/system/Commands/Server/rewrite.php(43): require_once('/Users/popo/Doc...')
#6 {main}
CRITICAL - 2022-01-15 07:17:18 --> Undefined array key "pass"
#0 /Users/popo/Documents/anggota/app/Controllers/Auth.php(83): CodeIgniter\Debug\Exceptions->errorHandler(2, 'Undefined array...', '/Users/popo/Doc...', 83)
#1 /Users/popo/Documents/anggota/vendor/codeigniter4/framework/system/CodeIgniter.php(825): App\Controllers\Auth->valid_login()
#2 /Users/popo/Documents/anggota/vendor/codeigniter4/framework/system/CodeIgniter.php(412): CodeIgniter\CodeIgniter->runController(Object(App\Controllers\Auth))
#3 /Users/popo/Documents/anggota/vendor/codeigniter4/framework/system/CodeIgniter.php(320): CodeIgniter\CodeIgniter->handleRequest(NULL, Object(Config\Cache), false)
#4 /Users/popo/Documents/anggota/public/index.php(37): CodeIgniter\CodeIgniter->run()
#5 /Users/popo/Documents/anggota/vendor/codeigniter4/framework/system/Commands/Server/rewrite.php(43): require_once('/Users/popo/Doc...')
#6 {main}
CRITICAL - 2022-01-15 07:18:34 --> Undefined array key "user"
#0 /Users/popo/Documents/anggota/app/Controllers/Auth.php(77): CodeIgniter\Debug\Exceptions->errorHandler(2, 'Undefined array...', '/Users/popo/Doc...', 77)
#1 /Users/popo/Documents/anggota/vendor/codeigniter4/framework/system/CodeIgniter.php(825): App\Controllers\Auth->valid_login()
#2 /Users/popo/Documents/anggota/vendor/codeigniter4/framework/system/CodeIgniter.php(412): CodeIgniter\CodeIgniter->runController(Object(App\Controllers\Auth))
#3 /Users/popo/Documents/anggota/vendor/codeigniter4/framework/system/CodeIgniter.php(320): CodeIgniter\CodeIgniter->handleRequest(NULL, Object(Config\Cache), false)
#4 /Users/popo/Documents/anggota/public/index.php(37): CodeIgniter\CodeIgniter->run()
#5 /Users/popo/Documents/anggota/vendor/codeigniter4/framework/system/Commands/Server/rewrite.php(43): require_once('/Users/popo/Doc...')
#6 {main}
