ERROR - 2022-02-08 01:16:22 --> Unknown column 'user' in 'where clause'
CRITICAL - 2022-02-08 01:16:22 --> Unknown column 'user' in 'where clause'
#0 /Users/popo/Documents/anggota/vendor/codeigniter4/framework/system/Database/MySQLi/Connection.php(292): mysqli->query('SELECT *\nFROM `...', 0)
#1 /Users/popo/Documents/anggota/vendor/codeigniter4/framework/system/Database/BaseConnection.php(670): CodeIgniter\Database\MySQLi\Connection->execute('SELECT *\nFROM `...')
#2 /Users/popo/Documents/anggota/vendor/codeigniter4/framework/system/Database/BaseConnection.php(598): CodeIgniter\Database\BaseConnection->simpleQuery('SELECT *\nFROM `...')
#3 /Users/popo/Documents/anggota/vendor/codeigniter4/framework/system/Database/BaseBuilder.php(1455): CodeIgniter\Database\BaseConnection->query('SELECT *\nFROM `...', Array, false)
#4 /Users/popo/Documents/anggota/vendor/codeigniter4/framework/system/Model.php(210): CodeIgniter\Database\BaseBuilder->get()
#5 /Users/popo/Documents/anggota/vendor/codeigniter4/framework/system/BaseModel.php(622): CodeIgniter\Model->doFirst()
#6 /Users/popo/Documents/anggota/app/Controllers/User.php(18): CodeIgniter\BaseModel->first()
#7 /Users/popo/Documents/anggota/vendor/codeigniter4/framework/system/CodeIgniter.php(825): App\Controllers\User->index()
#8 /Users/popo/Documents/anggota/vendor/codeigniter4/framework/system/CodeIgniter.php(412): CodeIgniter\CodeIgniter->runController(Object(App\Controllers\User))
#9 /Users/popo/Documents/anggota/vendor/codeigniter4/framework/system/CodeIgniter.php(320): CodeIgniter\CodeIgniter->handleRequest(NULL, Object(Config\Cache), false)
#10 /Users/popo/Documents/anggota/public/index.php(37): CodeIgniter\CodeIgniter->run()
#11 /Users/popo/Documents/anggota/vendor/codeigniter4/framework/system/Commands/Server/rewrite.php(43): require_once('/Users/popo/Doc...')
#12 {main}
ERROR - 2022-02-08 01:18:12 --> Unknown column 'user' in 'where clause'
CRITICAL - 2022-02-08 01:18:12 --> Unknown column 'user' in 'where clause'
#0 /Users/popo/Documents/anggota/vendor/codeigniter4/framework/system/Database/MySQLi/Connection.php(292): mysqli->query('SELECT *\nFROM `...', 0)
#1 /Users/popo/Documents/anggota/vendor/codeigniter4/framework/system/Database/BaseConnection.php(670): CodeIgniter\Database\MySQLi\Connection->execute('SELECT *\nFROM `...')
#2 /Users/popo/Documents/anggota/vendor/codeigniter4/framework/system/Database/BaseConnection.php(598): CodeIgniter\Database\BaseConnection->simpleQuery('SELECT *\nFROM `...')
#3 /Users/popo/Documents/anggota/vendor/codeigniter4/framework/system/Database/BaseBuilder.php(1455): CodeIgniter\Database\BaseConnection->query('SELECT *\nFROM `...', Array, false)
#4 /Users/popo/Documents/anggota/vendor/codeigniter4/framework/system/Model.php(210): CodeIgniter\Database\BaseBuilder->get()
#5 /Users/popo/Documents/anggota/vendor/codeigniter4/framework/system/BaseModel.php(622): CodeIgniter\Model->doFirst()
#6 /Users/popo/Documents/anggota/app/Controllers/User.php(18): CodeIgniter\BaseModel->first()
#7 /Users/popo/Documents/anggota/vendor/codeigniter4/framework/system/CodeIgniter.php(825): App\Controllers\User->index()
#8 /Users/popo/Documents/anggota/vendor/codeigniter4/framework/system/CodeIgniter.php(412): CodeIgniter\CodeIgniter->runController(Object(App\Controllers\User))
#9 /Users/popo/Documents/anggota/vendor/codeigniter4/framework/system/CodeIgniter.php(320): CodeIgniter\CodeIgniter->handleRequest(NULL, Object(Config\Cache), false)
#10 /Users/popo/Documents/anggota/public/index.php(37): CodeIgniter\CodeIgniter->run()
#11 /Users/popo/Documents/anggota/vendor/codeigniter4/framework/system/Commands/Server/rewrite.php(43): require_once('/Users/popo/Doc...')
#12 {main}
ERROR - 2022-02-08 01:18:34 --> Unknown column 'user' in 'where clause'
CRITICAL - 2022-02-08 01:18:34 --> Unknown column 'user' in 'where clause'
#0 /Users/popo/Documents/anggota/vendor/codeigniter4/framework/system/Database/MySQLi/Connection.php(292): mysqli->query('SELECT *\nFROM `...', 0)
#1 /Users/popo/Documents/anggota/vendor/codeigniter4/framework/system/Database/BaseConnection.php(670): CodeIgniter\Database\MySQLi\Connection->execute('SELECT *\nFROM `...')
#2 /Users/popo/Documents/anggota/vendor/codeigniter4/framework/system/Database/BaseConnection.php(598): CodeIgniter\Database\BaseConnection->simpleQuery('SELECT *\nFROM `...')
#3 /Users/popo/Documents/anggota/vendor/codeigniter4/framework/system/Database/BaseBuilder.php(1455): CodeIgniter\Database\BaseConnection->query('SELECT *\nFROM `...', Array, false)
#4 /Users/popo/Documents/anggota/vendor/codeigniter4/framework/system/Model.php(210): CodeIgniter\Database\BaseBuilder->get()
#5 /Users/popo/Documents/anggota/vendor/codeigniter4/framework/system/BaseModel.php(622): CodeIgniter\Model->doFirst()
#6 /Users/popo/Documents/anggota/app/Controllers/User.php(18): CodeIgniter\BaseModel->first()
#7 /Users/popo/Documents/anggota/vendor/codeigniter4/framework/system/CodeIgniter.php(825): App\Controllers\User->index()
#8 /Users/popo/Documents/anggota/vendor/codeigniter4/framework/system/CodeIgniter.php(412): CodeIgniter\CodeIgniter->runController(Object(App\Controllers\User))
#9 /Users/popo/Documents/anggota/vendor/codeigniter4/framework/system/CodeIgniter.php(320): CodeIgniter\CodeIgniter->handleRequest(NULL, Object(Config\Cache), false)
#10 /Users/popo/Documents/anggota/public/index.php(37): CodeIgniter\CodeIgniter->run()
#11 /Users/popo/Documents/anggota/vendor/codeigniter4/framework/system/Commands/Server/rewrite.php(43): require_once('/Users/popo/Doc...')
#12 {main}
CRITICAL - 2022-02-08 01:20:48 --> Call to undefined method App\Models\UserModel::andLike
#0 /Users/popo/Documents/anggota/app/Controllers/User.php(43): CodeIgniter\Model->__call('andLike', Array)
#1 /Users/popo/Documents/anggota/vendor/codeigniter4/framework/system/CodeIgniter.php(825): App\Controllers\User->doVerify()
#2 /Users/popo/Documents/anggota/vendor/codeigniter4/framework/system/CodeIgniter.php(412): CodeIgniter\CodeIgniter->runController(Object(App\Controllers\User))
#3 /Users/popo/Documents/anggota/vendor/codeigniter4/framework/system/CodeIgniter.php(320): CodeIgniter\CodeIgniter->handleRequest(NULL, Object(Config\Cache), false)
#4 /Users/popo/Documents/anggota/public/index.php(37): CodeIgniter\CodeIgniter->run()
#5 /Users/popo/Documents/anggota/vendor/codeigniter4/framework/system/Commands/Server/rewrite.php(43): require_once('/Users/popo/Doc...')
#6 {main}
CRITICAL - 2022-02-08 01:20:53 --> Call to undefined method App\Models\UserModel::andLike
#0 /Users/popo/Documents/anggota/app/Controllers/User.php(43): CodeIgniter\Model->__call('andLike', Array)
#1 /Users/popo/Documents/anggota/vendor/codeigniter4/framework/system/CodeIgniter.php(825): App\Controllers\User->doVerify()
#2 /Users/popo/Documents/anggota/vendor/codeigniter4/framework/system/CodeIgniter.php(412): CodeIgniter\CodeIgniter->runController(Object(App\Controllers\User))
#3 /Users/popo/Documents/anggota/vendor/codeigniter4/framework/system/CodeIgniter.php(320): CodeIgniter\CodeIgniter->handleRequest(NULL, Object(Config\Cache), false)
#4 /Users/popo/Documents/anggota/public/index.php(37): CodeIgniter\CodeIgniter->run()
#5 /Users/popo/Documents/anggota/vendor/codeigniter4/framework/system/Commands/Server/rewrite.php(43): require_once('/Users/popo/Doc...')
#6 {main}
CRITICAL - 2022-02-08 01:21:14 --> Call to undefined method App\Models\UserModel::andLike
#0 /Users/popo/Documents/anggota/app/Controllers/User.php(43): CodeIgniter\Model->__call('andLike', Array)
#1 /Users/popo/Documents/anggota/vendor/codeigniter4/framework/system/CodeIgniter.php(825): App\Controllers\User->doVerify()
#2 /Users/popo/Documents/anggota/vendor/codeigniter4/framework/system/CodeIgniter.php(412): CodeIgniter\CodeIgniter->runController(Object(App\Controllers\User))
#3 /Users/popo/Documents/anggota/vendor/codeigniter4/framework/system/CodeIgniter.php(320): CodeIgniter\CodeIgniter->handleRequest(NULL, Object(Config\Cache), false)
#4 /Users/popo/Documents/anggota/public/index.php(37): CodeIgniter\CodeIgniter->run()
#5 /Users/popo/Documents/anggota/vendor/codeigniter4/framework/system/Commands/Server/rewrite.php(43): require_once('/Users/popo/Doc...')
#6 {main}
CRITICAL - 2022-02-08 01:21:20 --> Call to undefined method App\Models\UserModel::andLike
#0 /Users/popo/Documents/anggota/app/Controllers/User.php(43): CodeIgniter\Model->__call('andLike', Array)
#1 /Users/popo/Documents/anggota/vendor/codeigniter4/framework/system/CodeIgniter.php(825): App\Controllers\User->doVerify()
#2 /Users/popo/Documents/anggota/vendor/codeigniter4/framework/system/CodeIgniter.php(412): CodeIgniter\CodeIgniter->runController(Object(App\Controllers\User))
#3 /Users/popo/Documents/anggota/vendor/codeigniter4/framework/system/CodeIgniter.php(320): CodeIgniter\CodeIgniter->handleRequest(NULL, Object(Config\Cache), false)
#4 /Users/popo/Documents/anggota/public/index.php(37): CodeIgniter\CodeIgniter->run()
#5 /Users/popo/Documents/anggota/vendor/codeigniter4/framework/system/Commands/Server/rewrite.php(43): require_once('/Users/popo/Doc...')
#6 {main}
CRITICAL - 2022-02-08 01:21:33 --> Call to undefined method App\Models\UserModel::andLike
#0 /Users/popo/Documents/anggota/app/Controllers/User.php(43): CodeIgniter\Model->__call('andLike', Array)
#1 /Users/popo/Documents/anggota/vendor/codeigniter4/framework/system/CodeIgniter.php(825): App\Controllers\User->doVerify()
#2 /Users/popo/Documents/anggota/vendor/codeigniter4/framework/system/CodeIgniter.php(412): CodeIgniter\CodeIgniter->runController(Object(App\Controllers\User))
#3 /Users/popo/Documents/anggota/vendor/codeigniter4/framework/system/CodeIgniter.php(320): CodeIgniter\CodeIgniter->handleRequest(NULL, Object(Config\Cache), false)
#4 /Users/popo/Documents/anggota/public/index.php(37): CodeIgniter\CodeIgniter->run()
#5 /Users/popo/Documents/anggota/vendor/codeigniter4/framework/system/Commands/Server/rewrite.php(43): require_once('/Users/popo/Doc...')
#6 {main}
CRITICAL - 2022-02-08 01:39:59 --> Call to undefined method App\Models\UserModel::andLike
#0 /Users/popo/Documents/anggota/app/Models/UserModel.php(17): CodeIgniter\Model->__call('andLike', Array)
#1 /Users/popo/Documents/anggota/app/Controllers/User.php(43): App\Models\UserModel->verify('yd2elt', '02/08/2022')
#2 /Users/popo/Documents/anggota/vendor/codeigniter4/framework/system/CodeIgniter.php(825): App\Controllers\User->doVerify()
#3 /Users/popo/Documents/anggota/vendor/codeigniter4/framework/system/CodeIgniter.php(412): CodeIgniter\CodeIgniter->runController(Object(App\Controllers\User))
#4 /Users/popo/Documents/anggota/vendor/codeigniter4/framework/system/CodeIgniter.php(320): CodeIgniter\CodeIgniter->handleRequest(NULL, Object(Config\Cache), false)
#5 /Users/popo/Documents/anggota/public/index.php(37): CodeIgniter\CodeIgniter->run()
#6 /Users/popo/Documents/anggota/vendor/codeigniter4/framework/system/Commands/Server/rewrite.php(43): require_once('/Users/popo/Doc...')
#7 {main}
CRITICAL - 2022-02-08 01:49:21 --> DateTime::format() expects exactly 1 argument, 2 given
#0 /Users/popo/Documents/anggota/app/Controllers/User.php(45): DateTime->format('09/22/2023', 'yyyy-mm-dd')
#1 /Users/popo/Documents/anggota/vendor/codeigniter4/framework/system/CodeIgniter.php(825): App\Controllers\User->doVerify()
#2 /Users/popo/Documents/anggota/vendor/codeigniter4/framework/system/CodeIgniter.php(412): CodeIgniter\CodeIgniter->runController(Object(App\Controllers\User))
#3 /Users/popo/Documents/anggota/vendor/codeigniter4/framework/system/CodeIgniter.php(320): CodeIgniter\CodeIgniter->handleRequest(NULL, Object(Config\Cache), false)
#4 /Users/popo/Documents/anggota/public/index.php(37): CodeIgniter\CodeIgniter->run()
#5 /Users/popo/Documents/anggota/vendor/codeigniter4/framework/system/Commands/Server/rewrite.php(43): require_once('/Users/popo/Doc...')
#6 {main}
CRITICAL - 2022-02-08 01:53:28 --> syntax error, unexpected token "}"
#0 /Users/popo/Documents/anggota/vendor/codeigniter4/framework/system/Router/Router.php(175): CodeIgniter\Router\Router->autoRoute('user/doVerify')
#1 /Users/popo/Documents/anggota/vendor/codeigniter4/framework/system/CodeIgniter.php(719): CodeIgniter\Router\Router->handle('user/doVerify')
#2 /Users/popo/Documents/anggota/vendor/codeigniter4/framework/system/CodeIgniter.php(361): CodeIgniter\CodeIgniter->tryToRouteIt(Object(CodeIgniter\Router\RouteCollection))
#3 /Users/popo/Documents/anggota/vendor/codeigniter4/framework/system/CodeIgniter.php(320): CodeIgniter\CodeIgniter->handleRequest(NULL, Object(Config\Cache), false)
#4 /Users/popo/Documents/anggota/public/index.php(37): CodeIgniter\CodeIgniter->run()
#5 /Users/popo/Documents/anggota/vendor/codeigniter4/framework/system/Commands/Server/rewrite.php(43): require_once('/Users/popo/Doc...')
#6 {main}
CRITICAL - 2022-02-08 01:53:34 --> syntax error, unexpected token "}"
#0 /Users/popo/Documents/anggota/vendor/codeigniter4/framework/system/Autoloader/Autoloader.php(241): CodeIgniter\Autoloader\Autoloader->includeFile('/Users/popo/Doc...')
#1 /Users/popo/Documents/anggota/vendor/codeigniter4/framework/system/Autoloader/Autoloader.php(219): CodeIgniter\Autoloader\Autoloader->loadInNamespace('App\\Controllers...')
#2 [internal function]: CodeIgniter\Autoloader\Autoloader->loadClass('App\\Controllers...')
#3 /Users/popo/Documents/anggota/vendor/codeigniter4/framework/system/CodeIgniter.php(790): class_exists('\\App\\Controller...', true)
#4 /Users/popo/Documents/anggota/vendor/codeigniter4/framework/system/CodeIgniter.php(399): CodeIgniter\CodeIgniter->startController()
#5 /Users/popo/Documents/anggota/vendor/codeigniter4/framework/system/CodeIgniter.php(320): CodeIgniter\CodeIgniter->handleRequest(NULL, Object(Config\Cache), false)
#6 /Users/popo/Documents/anggota/public/index.php(37): CodeIgniter\CodeIgniter->run()
#7 /Users/popo/Documents/anggota/vendor/codeigniter4/framework/system/Commands/Server/rewrite.php(43): require_once('/Users/popo/Doc...')
#8 {main}
CRITICAL - 2022-02-08 01:53:35 --> syntax error, unexpected token "}"
#0 /Users/popo/Documents/anggota/vendor/codeigniter4/framework/system/Autoloader/Autoloader.php(241): CodeIgniter\Autoloader\Autoloader->includeFile('/Users/popo/Doc...')
#1 /Users/popo/Documents/anggota/vendor/codeigniter4/framework/system/Autoloader/Autoloader.php(219): CodeIgniter\Autoloader\Autoloader->loadInNamespace('App\\Controllers...')
#2 [internal function]: CodeIgniter\Autoloader\Autoloader->loadClass('App\\Controllers...')
#3 /Users/popo/Documents/anggota/vendor/codeigniter4/framework/system/CodeIgniter.php(790): class_exists('\\App\\Controller...', true)
#4 /Users/popo/Documents/anggota/vendor/codeigniter4/framework/system/CodeIgniter.php(399): CodeIgniter\CodeIgniter->startController()
#5 /Users/popo/Documents/anggota/vendor/codeigniter4/framework/system/CodeIgniter.php(320): CodeIgniter\CodeIgniter->handleRequest(NULL, Object(Config\Cache), false)
#6 /Users/popo/Documents/anggota/public/index.php(37): CodeIgniter\CodeIgniter->run()
#7 /Users/popo/Documents/anggota/vendor/codeigniter4/framework/system/Commands/Server/rewrite.php(43): require_once('/Users/popo/Doc...')
#8 {main}
CRITICAL - 2022-02-08 01:54:42 --> CodeIgniter\Database\BaseBuilder::like(): Argument #2 ($match) must be of type string, null given, called in /Users/popo/Documents/anggota/vendor/codeigniter4/framework/system/Model.php on line 728
#0 /Users/popo/Documents/anggota/vendor/codeigniter4/framework/system/Model.php(728): CodeIgniter\Database\BaseBuilder->like('callsign', NULL)
#1 /Users/popo/Documents/anggota/app/Models/UserModel.php(17): CodeIgniter\Model->__call('like', Array)
#2 /Users/popo/Documents/anggota/app/Controllers/User.php(42): App\Models\UserModel->verify(NULL, '2022-02-08')
#3 /Users/popo/Documents/anggota/vendor/codeigniter4/framework/system/CodeIgniter.php(825): App\Controllers\User->verify()
#4 /Users/popo/Documents/anggota/vendor/codeigniter4/framework/system/CodeIgniter.php(412): CodeIgniter\CodeIgniter->runController(Object(App\Controllers\User))
#5 /Users/popo/Documents/anggota/vendor/codeigniter4/framework/system/CodeIgniter.php(320): CodeIgniter\CodeIgniter->handleRequest(NULL, Object(Config\Cache), false)
#6 /Users/popo/Documents/anggota/public/index.php(37): CodeIgniter\CodeIgniter->run()
#7 /Users/popo/Documents/anggota/vendor/codeigniter4/framework/system/Commands/Server/rewrite.php(43): require_once('/Users/popo/Doc...')
#8 {main}
CRITICAL - 2022-02-08 01:54:44 --> CodeIgniter\Database\BaseBuilder::like(): Argument #2 ($match) must be of type string, null given, called in /Users/popo/Documents/anggota/vendor/codeigniter4/framework/system/Model.php on line 728
#0 /Users/popo/Documents/anggota/vendor/codeigniter4/framework/system/Model.php(728): CodeIgniter\Database\BaseBuilder->like('callsign', NULL)
#1 /Users/popo/Documents/anggota/app/Models/UserModel.php(17): CodeIgniter\Model->__call('like', Array)
#2 /Users/popo/Documents/anggota/app/Controllers/User.php(42): App\Models\UserModel->verify(NULL, '2022-02-08')
#3 /Users/popo/Documents/anggota/vendor/codeigniter4/framework/system/CodeIgniter.php(825): App\Controllers\User->verify()
#4 /Users/popo/Documents/anggota/vendor/codeigniter4/framework/system/CodeIgniter.php(412): CodeIgniter\CodeIgniter->runController(Object(App\Controllers\User))
#5 /Users/popo/Documents/anggota/vendor/codeigniter4/framework/system/CodeIgniter.php(320): CodeIgniter\CodeIgniter->handleRequest(NULL, Object(Config\Cache), false)
#6 /Users/popo/Documents/anggota/public/index.php(37): CodeIgniter\CodeIgniter->run()
#7 /Users/popo/Documents/anggota/vendor/codeigniter4/framework/system/Commands/Server/rewrite.php(43): require_once('/Users/popo/Doc...')
#8 {main}
CRITICAL - 2022-02-08 02:01:42 --> Undefined array key "callsign"
#0 /Users/popo/Documents/anggota/app/Controllers/User.php(49): CodeIgniter\Debug\Exceptions->errorHandler(2, 'Undefined array...', '/Users/popo/Doc...', 49)
#1 /Users/popo/Documents/anggota/vendor/codeigniter4/framework/system/CodeIgniter.php(825): App\Controllers\User->doVerify()
#2 /Users/popo/Documents/anggota/vendor/codeigniter4/framework/system/CodeIgniter.php(412): CodeIgniter\CodeIgniter->runController(Object(App\Controllers\User))
#3 /Users/popo/Documents/anggota/vendor/codeigniter4/framework/system/CodeIgniter.php(320): CodeIgniter\CodeIgniter->handleRequest(NULL, Object(Config\Cache), false)
#4 /Users/popo/Documents/anggota/public/index.php(37): CodeIgniter\CodeIgniter->run()
#5 /Users/popo/Documents/anggota/vendor/codeigniter4/framework/system/Commands/Server/rewrite.php(43): require_once('/Users/popo/Doc...')
#6 {main}
CRITICAL - 2022-02-08 02:01:51 --> Undefined array key "call"
#0 /Users/popo/Documents/anggota/app/Controllers/User.php(49): CodeIgniter\Debug\Exceptions->errorHandler(2, 'Undefined array...', '/Users/popo/Doc...', 49)
#1 /Users/popo/Documents/anggota/vendor/codeigniter4/framework/system/CodeIgniter.php(825): App\Controllers\User->doVerify()
#2 /Users/popo/Documents/anggota/vendor/codeigniter4/framework/system/CodeIgniter.php(412): CodeIgniter\CodeIgniter->runController(Object(App\Controllers\User))
#3 /Users/popo/Documents/anggota/vendor/codeigniter4/framework/system/CodeIgniter.php(320): CodeIgniter\CodeIgniter->handleRequest(NULL, Object(Config\Cache), false)
#4 /Users/popo/Documents/anggota/public/index.php(37): CodeIgniter\CodeIgniter->run()
#5 /Users/popo/Documents/anggota/vendor/codeigniter4/framework/system/Commands/Server/rewrite.php(43): require_once('/Users/popo/Doc...')
#6 {main}
CRITICAL - 2022-02-08 02:01:55 --> Undefined array key "call"
#0 /Users/popo/Documents/anggota/app/Controllers/User.php(49): CodeIgniter\Debug\Exceptions->errorHandler(2, 'Undefined array...', '/Users/popo/Doc...', 49)
#1 /Users/popo/Documents/anggota/vendor/codeigniter4/framework/system/CodeIgniter.php(825): App\Controllers\User->doVerify()
#2 /Users/popo/Documents/anggota/vendor/codeigniter4/framework/system/CodeIgniter.php(412): CodeIgniter\CodeIgniter->runController(Object(App\Controllers\User))
#3 /Users/popo/Documents/anggota/vendor/codeigniter4/framework/system/CodeIgniter.php(320): CodeIgniter\CodeIgniter->handleRequest(NULL, Object(Config\Cache), false)
#4 /Users/popo/Documents/anggota/public/index.php(37): CodeIgniter\CodeIgniter->run()
#5 /Users/popo/Documents/anggota/vendor/codeigniter4/framework/system/Commands/Server/rewrite.php(43): require_once('/Users/popo/Doc...')
#6 {main}
CRITICAL - 2022-02-08 02:13:13 --> Undefined variable $username
#0 /Users/popo/Documents/anggota/app/Views/user/verify.php(66): CodeIgniter\Debug\Exceptions->errorHandler(2, 'Undefined varia...', '/Users/popo/Doc...', 66)
#1 /Users/popo/Documents/anggota/vendor/codeigniter4/framework/system/View/View.php(210): include('/Users/popo/Doc...')
#2 /Users/popo/Documents/anggota/vendor/codeigniter4/framework/system/View/View.php(213): CodeIgniter\View\View->CodeIgniter\View\{closure}()
#3 /Users/popo/Documents/anggota/vendor/codeigniter4/framework/system/Common.php(1089): CodeIgniter\View\View->render('user/verify', Array, true)
#4 /Users/popo/Documents/anggota/app/Controllers/User.php(40): view('user/verify', Array)
#5 /Users/popo/Documents/anggota/vendor/codeigniter4/framework/system/CodeIgniter.php(825): App\Controllers\User->verify()
#6 /Users/popo/Documents/anggota/vendor/codeigniter4/framework/system/CodeIgniter.php(412): CodeIgniter\CodeIgniter->runController(Object(App\Controllers\User))
#7 /Users/popo/Documents/anggota/vendor/codeigniter4/framework/system/CodeIgniter.php(320): CodeIgniter\CodeIgniter->handleRequest(NULL, Object(Config\Cache), false)
#8 /Users/popo/Documents/anggota/public/index.php(37): CodeIgniter\CodeIgniter->run()
#9 /Users/popo/Documents/anggota/vendor/codeigniter4/framework/system/Commands/Server/rewrite.php(43): require_once('/Users/popo/Doc...')
#10 {main}
CRITICAL - 2022-02-08 02:23:34 --> Undefined array key "nama"
#0 /Users/popo/Documents/anggota/app/Controllers/User.php(55): CodeIgniter\Debug\Exceptions->errorHandler(2, 'Undefined array...', '/Users/popo/Doc...', 55)
#1 /Users/popo/Documents/anggota/vendor/codeigniter4/framework/system/CodeIgniter.php(825): App\Controllers\User->doVerify()
#2 /Users/popo/Documents/anggota/vendor/codeigniter4/framework/system/CodeIgniter.php(412): CodeIgniter\CodeIgniter->runController(Object(App\Controllers\User))
#3 /Users/popo/Documents/anggota/vendor/codeigniter4/framework/system/CodeIgniter.php(320): CodeIgniter\CodeIgniter->handleRequest(NULL, Object(Config\Cache), false)
#4 /Users/popo/Documents/anggota/public/index.php(37): CodeIgniter\CodeIgniter->run()
#5 /Users/popo/Documents/anggota/vendor/codeigniter4/framework/system/Commands/Server/rewrite.php(43): require_once('/Users/popo/Doc...')
#6 {main}
CRITICAL - 2022-02-08 02:24:14 --> Illegal offset type
#0 /Users/popo/Documents/anggota/vendor/codeigniter4/framework/system/CodeIgniter.php(825): App\Controllers\User->doVerify()
#1 /Users/popo/Documents/anggota/vendor/codeigniter4/framework/system/CodeIgniter.php(412): CodeIgniter\CodeIgniter->runController(Object(App\Controllers\User))
#2 /Users/popo/Documents/anggota/vendor/codeigniter4/framework/system/CodeIgniter.php(320): CodeIgniter\CodeIgniter->handleRequest(NULL, Object(Config\Cache), false)
#3 /Users/popo/Documents/anggota/public/index.php(37): CodeIgniter\CodeIgniter->run()
#4 /Users/popo/Documents/anggota/vendor/codeigniter4/framework/system/Commands/Server/rewrite.php(43): require_once('/Users/popo/Doc...')
#5 {main}
CRITICAL - 2022-02-08 02:28:20 --> Call to a member function first() on array
#0 /Users/popo/Documents/anggota/vendor/codeigniter4/framework/system/CodeIgniter.php(825): App\Controllers\User->doVerify()
#1 /Users/popo/Documents/anggota/vendor/codeigniter4/framework/system/CodeIgniter.php(412): CodeIgniter\CodeIgniter->runController(Object(App\Controllers\User))
#2 /Users/popo/Documents/anggota/vendor/codeigniter4/framework/system/CodeIgniter.php(320): CodeIgniter\CodeIgniter->handleRequest(NULL, Object(Config\Cache), false)
#3 /Users/popo/Documents/anggota/public/index.php(37): CodeIgniter\CodeIgniter->run()
#4 /Users/popo/Documents/anggota/vendor/codeigniter4/framework/system/Commands/Server/rewrite.php(43): require_once('/Users/popo/Doc...')
#5 {main}
CRITICAL - 2022-02-08 02:32:35 --> Undefined array key "callsign"
#0 /Users/popo/Documents/anggota/app/Views/user/confirm.php(47): CodeIgniter\Debug\Exceptions->errorHandler(2, 'Undefined array...', '/Users/popo/Doc...', 47)
#1 /Users/popo/Documents/anggota/vendor/codeigniter4/framework/system/View/View.php(210): include('/Users/popo/Doc...')
#2 /Users/popo/Documents/anggota/vendor/codeigniter4/framework/system/View/View.php(213): CodeIgniter\View\View->CodeIgniter\View\{closure}()
#3 /Users/popo/Documents/anggota/vendor/codeigniter4/framework/system/Common.php(1089): CodeIgniter\View\View->render('/user/confirm', Array, true)
#4 /Users/popo/Documents/anggota/app/Controllers/User.php(59): view('/user/confirm', Array)
#5 /Users/popo/Documents/anggota/vendor/codeigniter4/framework/system/CodeIgniter.php(825): App\Controllers\User->doVerify()
#6 /Users/popo/Documents/anggota/vendor/codeigniter4/framework/system/CodeIgniter.php(412): CodeIgniter\CodeIgniter->runController(Object(App\Controllers\User))
#7 /Users/popo/Documents/anggota/vendor/codeigniter4/framework/system/CodeIgniter.php(320): CodeIgniter\CodeIgniter->handleRequest(NULL, Object(Config\Cache), false)
#8 /Users/popo/Documents/anggota/public/index.php(37): CodeIgniter\CodeIgniter->run()
#9 /Users/popo/Documents/anggota/vendor/codeigniter4/framework/system/Commands/Server/rewrite.php(43): require_once('/Users/popo/Doc...')
#10 {main}
CRITICAL - 2022-02-08 02:32:45 --> Undefined array key "call"
#0 /Users/popo/Documents/anggota/app/Views/user/confirm.php(47): CodeIgniter\Debug\Exceptions->errorHandler(2, 'Undefined array...', '/Users/popo/Doc...', 47)
#1 /Users/popo/Documents/anggota/vendor/codeigniter4/framework/system/View/View.php(210): include('/Users/popo/Doc...')
#2 /Users/popo/Documents/anggota/vendor/codeigniter4/framework/system/View/View.php(213): CodeIgniter\View\View->CodeIgniter\View\{closure}()
#3 /Users/popo/Documents/anggota/vendor/codeigniter4/framework/system/Common.php(1089): CodeIgniter\View\View->render('/user/confirm', Array, true)
#4 /Users/popo/Documents/anggota/app/Controllers/User.php(59): view('/user/confirm', Array)
#5 /Users/popo/Documents/anggota/vendor/codeigniter4/framework/system/CodeIgniter.php(825): App\Controllers\User->doVerify()
#6 /Users/popo/Documents/anggota/vendor/codeigniter4/framework/system/CodeIgniter.php(412): CodeIgniter\CodeIgniter->runController(Object(App\Controllers\User))
#7 /Users/popo/Documents/anggota/vendor/codeigniter4/framework/system/CodeIgniter.php(320): CodeIgniter\CodeIgniter->handleRequest(NULL, Object(Config\Cache), false)
#8 /Users/popo/Documents/anggota/public/index.php(37): CodeIgniter\CodeIgniter->run()
#9 /Users/popo/Documents/anggota/vendor/codeigniter4/framework/system/Commands/Server/rewrite.php(43): require_once('/Users/popo/Doc...')
#10 {main}
CRITICAL - 2022-02-08 02:35:48 --> Call to a member function first() on array
#0 /Users/popo/Documents/anggota/vendor/codeigniter4/framework/system/CodeIgniter.php(825): App\Controllers\User->doVerify()
#1 /Users/popo/Documents/anggota/vendor/codeigniter4/framework/system/CodeIgniter.php(412): CodeIgniter\CodeIgniter->runController(Object(App\Controllers\User))
#2 /Users/popo/Documents/anggota/vendor/codeigniter4/framework/system/CodeIgniter.php(320): CodeIgniter\CodeIgniter->handleRequest(NULL, Object(Config\Cache), false)
#3 /Users/popo/Documents/anggota/public/index.php(37): CodeIgniter\CodeIgniter->run()
#4 /Users/popo/Documents/anggota/vendor/codeigniter4/framework/system/Commands/Server/rewrite.php(43): require_once('/Users/popo/Doc...')
#5 {main}
CRITICAL - 2022-02-08 02:39:26 --> Undefined array key "call"
#0 /Users/popo/Documents/anggota/app/Views/user/confirm.php(47): CodeIgniter\Debug\Exceptions->errorHandler(2, 'Undefined array...', '/Users/popo/Doc...', 47)
#1 /Users/popo/Documents/anggota/vendor/codeigniter4/framework/system/View/View.php(210): include('/Users/popo/Doc...')
#2 /Users/popo/Documents/anggota/vendor/codeigniter4/framework/system/View/View.php(213): CodeIgniter\View\View->CodeIgniter\View\{closure}()
#3 /Users/popo/Documents/anggota/vendor/codeigniter4/framework/system/Common.php(1089): CodeIgniter\View\View->render('/user/confirm', Array, true)
#4 /Users/popo/Documents/anggota/app/Controllers/User.php(60): view('/user/confirm', Array)
#5 /Users/popo/Documents/anggota/vendor/codeigniter4/framework/system/CodeIgniter.php(825): App\Controllers\User->doVerify()
#6 /Users/popo/Documents/anggota/vendor/codeigniter4/framework/system/CodeIgniter.php(412): CodeIgniter\CodeIgniter->runController(Object(App\Controllers\User))
#7 /Users/popo/Documents/anggota/vendor/codeigniter4/framework/system/CodeIgniter.php(320): CodeIgniter\CodeIgniter->handleRequest(NULL, Object(Config\Cache), false)
#8 /Users/popo/Documents/anggota/public/index.php(37): CodeIgniter\CodeIgniter->run()
#9 /Users/popo/Documents/anggota/vendor/codeigniter4/framework/system/Commands/Server/rewrite.php(43): require_once('/Users/popo/Doc...')
#10 {main}
CRITICAL - 2022-02-08 02:43:13 --> Object of class DateTime could not be converted to string
#0 /Users/popo/Documents/anggota/vendor/codeigniter4/framework/system/View/View.php(210): include()
#1 /Users/popo/Documents/anggota/vendor/codeigniter4/framework/system/View/View.php(213): CodeIgniter\View\View->CodeIgniter\View\{closure}()
#2 /Users/popo/Documents/anggota/vendor/codeigniter4/framework/system/Common.php(1089): CodeIgniter\View\View->render('/user/confirm', Array, true)
#3 /Users/popo/Documents/anggota/app/Controllers/User.php(63): view('/user/confirm', Array)
#4 /Users/popo/Documents/anggota/vendor/codeigniter4/framework/system/CodeIgniter.php(825): App\Controllers\User->doVerify()
#5 /Users/popo/Documents/anggota/vendor/codeigniter4/framework/system/CodeIgniter.php(412): CodeIgniter\CodeIgniter->runController(Object(App\Controllers\User))
#6 /Users/popo/Documents/anggota/vendor/codeigniter4/framework/system/CodeIgniter.php(320): CodeIgniter\CodeIgniter->handleRequest(NULL, Object(Config\Cache), false)
#7 /Users/popo/Documents/anggota/public/index.php(37): CodeIgniter\CodeIgniter->run()
#8 /Users/popo/Documents/anggota/vendor/codeigniter4/framework/system/Commands/Server/rewrite.php(43): require_once('/Users/popo/Doc...')
#9 {main}
